\BOOKMARK [0][-]{chapter.1}{\376\377\0001\000\040\000F\000i\000l\000e\000\040\000I\000n\000d\000e\000x}{}% 1
\BOOKMARK [1][-]{section.1.1}{\376\377\0001\000.\0001\000\040\000F\000i\000l\000e\000\040\000L\000i\000s\000t}{chapter.1}% 2
\BOOKMARK [0][-]{chapter.2}{\376\377\0002\000\040\000F\000i\000l\000e\000\040\000D\000o\000c\000u\000m\000e\000n\000t\000a\000t\000i\000o\000n}{}% 3
\BOOKMARK [1][-]{section.2.1}{\376\377\0002\000.\0001\000\040\000c\000o\000n\000s\000t\000r\000o\000i\000.\000c\000\040\000F\000i\000l\000e\000\040\000R\000e\000f\000e\000r\000e\000n\000c\000e}{chapter.2}% 4
\BOOKMARK [2][-]{subsection.2.1.1}{\376\377\0002\000.\0001\000.\0001\000\040\000F\000u\000n\000c\000t\000i\000o\000n\000\040\000D\000o\000c\000u\000m\000e\000n\000t\000a\000t\000i\000o\000n}{section.2.1}% 5
\BOOKMARK [3][-]{subsubsection.2.1.1.1}{\376\377\0002\000.\0001\000.\0001\000.\0001\000\040\000C\000o\000n\000s\000t\000r\000o\000i\000L\000i\000s\000t\000a\000D\000i\000s\000c\000e\000n\000t\000e}{subsection.2.1.1}% 6
\BOOKMARK [3][-]{subsubsection.2.1.1.2}{\376\377\0002\000.\0001\000.\0001\000.\0002\000\040\000C\000o\000n\000s\000t\000r\000o\000i\000L\000i\000s\000t\000a\000P\000r\000o\000j\000e\000t\000o}{subsection.2.1.1}% 7
\BOOKMARK [3][-]{subsubsection.2.1.1.3}{\376\377\0002\000.\0001\000.\0001\000.\0003\000\040\000O\000r\000d\000e\000n\000a\000L\000i\000s\000t\000a\000D\000i\000s\000c\000e\000n\000t\000e}{subsection.2.1.1}% 8
\BOOKMARK [3][-]{subsubsection.2.1.1.4}{\376\377\0002\000.\0001\000.\0001\000.\0004\000\040\000P\000e\000r\000c\000o\000r\000r\000e\000L\000i\000s\000t\000a\000D\000i\000s\000c\000e\000n\000t\000e}{subsection.2.1.1}% 9
\BOOKMARK [1][-]{section.2.2}{\376\377\0002\000.\0002\000\040\000c\000o\000n\000s\000t\000r\000o\000i\000.\000h\000\040\000F\000i\000l\000e\000\040\000R\000e\000f\000e\000r\000e\000n\000c\000e}{chapter.2}% 10
\BOOKMARK [2][-]{subsection.2.2.1}{\376\377\0002\000.\0002\000.\0001\000\040\000F\000u\000n\000c\000t\000i\000o\000n\000\040\000D\000o\000c\000u\000m\000e\000n\000t\000a\000t\000i\000o\000n}{section.2.2}% 11
\BOOKMARK [3][-]{subsubsection.2.2.1.1}{\376\377\0002\000.\0002\000.\0001\000.\0001\000\040\000C\000o\000n\000s\000t\000r\000o\000i\000L\000i\000s\000t\000a\000D\000i\000s\000c\000e\000n\000t\000e}{subsection.2.2.1}% 12
\BOOKMARK [3][-]{subsubsection.2.2.1.2}{\376\377\0002\000.\0002\000.\0001\000.\0002\000\040\000C\000o\000n\000s\000t\000r\000o\000i\000L\000i\000s\000t\000a\000P\000r\000o\000j\000e\000t\000o}{subsection.2.2.1}% 13
\BOOKMARK [3][-]{subsubsection.2.2.1.3}{\376\377\0002\000.\0002\000.\0001\000.\0003\000\040\000O\000r\000d\000e\000n\000a\000L\000i\000s\000t\000a\000D\000i\000s\000c\000e\000n\000t\000e}{subsection.2.2.1}% 14
\BOOKMARK [3][-]{subsubsection.2.2.1.4}{\376\377\0002\000.\0002\000.\0001\000.\0004\000\040\000P\000e\000r\000c\000o\000r\000r\000e\000L\000i\000s\000t\000a\000D\000i\000s\000c\000e\000n\000t\000e}{subsection.2.2.1}% 15
\BOOKMARK [1][-]{section.2.3}{\376\377\0002\000.\0003\000\040\000v\000f\000s\000c\000a\000n\000f\000.\000c\000\040\000F\000i\000l\000e\000\040\000R\000e\000f\000e\000r\000e\000n\000c\000e}{chapter.2}% 16
\BOOKMARK [2][-]{subsection.2.3.1}{\376\377\0002\000.\0003\000.\0001\000\040\000F\000u\000n\000c\000t\000i\000o\000n\000\040\000D\000o\000c\000u\000m\000e\000n\000t\000a\000t\000i\000o\000n}{section.2.3}% 17
\BOOKMARK [3][-]{subsubsection.2.3.1.1}{\376\377\0002\000.\0003\000.\0001\000.\0001\000\040\000G\000e\000t\000M\000a\000t\000c\000h\000e\000s}{subsection.2.3.1}% 18
\BOOKMARK [3][-]{subsubsection.2.3.1.2}{\376\377\0002\000.\0003\000.\0001\000.\0002\000\040\000m\000a\000i\000n}{subsection.2.3.1}% 19
\BOOKMARK [3][-]{subsubsection.2.3.1.3}{\376\377\0002\000.\0003\000.\0001\000.\0003\000\040\000R\000e\000a\000d\000S\000t\000u\000f\000f}{subsection.2.3.1}% 20
